c:\users\iqra\desktop\ooad assign\ooad assign\debug\vc140.pdb
c:\users\iqra\desktop\ooad assign\ooad assign\debug\user.obj
c:\users\iqra\desktop\ooad assign\ooad assign\debug\student.obj
c:\users\iqra\desktop\ooad assign\ooad assign\debug\slms.obj
c:\users\iqra\desktop\ooad assign\ooad assign\debug\myform.obj
c:\users\iqra\desktop\ooad assign\ooad assign\debug\loan.obj
c:\users\iqra\desktop\ooad assign\ooad assign\debug\lms.obj
c:\users\iqra\desktop\ooad assign\ooad assign\debug\item.obj
c:\users\iqra\desktop\ooad assign\ooad assign\debug\dvd.obj
c:\users\iqra\desktop\ooad assign\ooad assign\debug\computation.obj
c:\users\iqra\desktop\ooad assign\ooad assign\debug\clerk.obj
c:\users\iqra\desktop\ooad assign\ooad assign\debug\book.obj
c:\users\iqra\desktop\ooad assign\ooad assign\debug\admin.obj
c:\users\iqra\desktop\ooad assign\ooad assign\debug\hold.obj
c:\users\iqra\desktop\ooad assign\ooad assign\debug\state.obj
c:\users\iqra\desktop\ooad assign\ooad assign\debug\.netframework,version=v4.5.2.assemblyattributes.obj
c:\users\iqra\desktop\ooad assign\ooad assign\debug\.netframework,version=v4.5.2.assemblyattributes.asm
c:\users\iqra\desktop\ooad assign\ooad assign\debug\sh.obj
c:\users\iqra\desktop\ooad assign\ooad assign\debug\referenced.obj
c:\users\iqra\desktop\ooad assign\ooad assign\debug\ithold.obj
c:\users\iqra\desktop\ooad assign\ooad assign\debug\sr.obj
c:\users\iqra\desktop\ooad assign\ooad assign\debug\si.obj
c:\users\iqra\desktop\ooad assign\ooad assign\debug\sa.obj
c:\users\iqra\desktop\ooad assign\ooad assign\debug\issued.obj
c:\users\iqra\desktop\ooad assign\ooad assign\debug\available.obj
c:\users\iqra\desktop\ooad assign\debug\ooad assign.exe
c:\users\iqra\desktop\ooad assign\debug\ooad assign.pdb
c:\users\iqra\desktop\ooad assign\ooad assign\debug\ooad_assign.myform.resources
c:\users\iqra\desktop\ooad assign\ooad assign\debug\ooad assign.vcxproj.generateresource.cache
c:\users\iqra\desktop\ooad assign\ooad assign\debug\ooad assign.vcxprojresolveassemblyreference.cache
c:\users\iqra\desktop\ooad assign\ooad assign\debug\ooad assign.tlog\cl.command.1.tlog
c:\users\iqra\desktop\ooad assign\ooad assign\debug\ooad assign.tlog\cl.read.1.tlog
c:\users\iqra\desktop\ooad assign\ooad assign\debug\ooad assign.tlog\cl.write.1.tlog
c:\users\iqra\desktop\ooad assign\ooad assign\debug\ooad assign.tlog\link.command.1.tlog
c:\users\iqra\desktop\ooad assign\ooad assign\debug\ooad assign.tlog\link.read.1.tlog
c:\users\iqra\desktop\ooad assign\ooad assign\debug\ooad assign.tlog\link.write.1.tlog
c:\users\iqra\desktop\ooad assign\ooad assign\debug\ooad assign.tlog\metagen.read.1.tlog
c:\users\iqra\desktop\ooad assign\ooad assign\debug\ooad assign.tlog\metagen.write.1.tlog
c:\users\iqra\desktop\ooad assign\ooad assign\debug\ooad assign.tlog\ooad assign.write.1u.tlog
c:\users\iqra\desktop\ooad assign\ooad assign\debug\ooad assign.tlog\tzres.dll.bi
